<?xml version="1.0" encoding="UTF-8"?>
<testsuite xmlns:xsi="http://www.w3.org/2001/XMLSchema-instance" xsi:noNamespaceSchemaLocation="https://maven.apache.org/surefire/maven-surefire-plugin/xsd/surefire-test-report.xsd" name="com.evaluation_of_teaching.EvaluationOfTeachingApplicationTests" time="4.457" tests="1" errors="0" skipped="0" failures="0">
  <properties>
    <property name="sun.desktop" value="windows"/>
    <property name="awt.toolkit" value="sun.awt.windows.WToolkit"/>
    <property name="file.encoding.pkg" value="sun.io"/>
    <property name="java.specification.version" value="1.8"/>
    <property name="sun.cpu.isalist" value="amd64"/>
    <property name="sun.jnu.encoding" value="GBK"/>
    <property name="java.class.path" value="D:\workspace\evaluation_of_teaching\target\test-classes;D:\workspace\evaluation_of_teaching\target\classes;D:\apache-maven-3.6.3\maven_repository\org\springframework\boot\spring-boot-starter-web\2.4.0\spring-boot-starter-web-2.4.0.jar;D:\apache-maven-3.6.3\maven_repository\org\springframework\boot\spring-boot-starter\2.4.0\spring-boot-starter-2.4.0.jar;D:\apache-maven-3.6.3\maven_repository\org\springframework\boot\spring-boot\2.4.0\spring-boot-2.4.0.jar;D:\apache-maven-3.6.3\maven_repository\org\springframework\boot\spring-boot-autoconfigure\2.4.0\spring-boot-autoconfigure-2.4.0.jar;D:\apache-maven-3.6.3\maven_repository\org\springframework\boot\spring-boot-starter-logging\2.4.0\spring-boot-starter-logging-2.4.0.jar;D:\apache-maven-3.6.3\maven_repository\ch\qos\logback\logback-classic\1.2.3\logback-classic-1.2.3.jar;D:\apache-maven-3.6.3\maven_repository\ch\qos\logback\logback-core\1.2.3\logback-core-1.2.3.jar;D:\apache-maven-3.6.3\maven_repository\org\apache\logging\log4j\log4j-to-slf4j\2.13.3\log4j-to-slf4j-2.13.3.jar;D:\apache-maven-3.6.3\maven_repository\org\apache\logging\log4j\log4j-api\2.13.3\log4j-api-2.13.3.jar;D:\apache-maven-3.6.3\maven_repository\org\slf4j\jul-to-slf4j\1.7.30\jul-to-slf4j-1.7.30.jar;D:\apache-maven-3.6.3\maven_repository\jakarta\annotation\jakarta.annotation-api\1.3.5\jakarta.annotation-api-1.3.5.jar;D:\apache-maven-3.6.3\maven_repository\org\yaml\snakeyaml\1.27\snakeyaml-1.27.jar;D:\apache-maven-3.6.3\maven_repository\org\springframework\boot\spring-boot-starter-json\2.4.0\spring-boot-starter-json-2.4.0.jar;D:\apache-maven-3.6.3\maven_repository\com\fasterxml\jackson\core\jackson-databind\2.11.3\jackson-databind-2.11.3.jar;D:\apache-maven-3.6.3\maven_repository\com\fasterxml\jackson\core\jackson-annotations\2.11.3\jackson-annotations-2.11.3.jar;D:\apache-maven-3.6.3\maven_repository\com\fasterxml\jackson\core\jackson-core\2.11.3\jackson-core-2.11.3.jar;D:\apache-maven-3.6.3\maven_repository\com\fasterxml\jackson\datatype\jackson-datatype-jdk8\2.11.3\jackson-datatype-jdk8-2.11.3.jar;D:\apache-maven-3.6.3\maven_repository\com\fasterxml\jackson\datatype\jackson-datatype-jsr310\2.11.3\jackson-datatype-jsr310-2.11.3.jar;D:\apache-maven-3.6.3\maven_repository\com\fasterxml\jackson\module\jackson-module-parameter-names\2.11.3\jackson-module-parameter-names-2.11.3.jar;D:\apache-maven-3.6.3\maven_repository\org\springframework\boot\spring-boot-starter-tomcat\2.4.0\spring-boot-starter-tomcat-2.4.0.jar;D:\apache-maven-3.6.3\maven_repository\org\apache\tomcat\embed\tomcat-embed-core\9.0.39\tomcat-embed-core-9.0.39.jar;D:\apache-maven-3.6.3\maven_repository\org\glassfish\jakarta.el\3.0.3\jakarta.el-3.0.3.jar;D:\apache-maven-3.6.3\maven_repository\org\apache\tomcat\embed\tomcat-embed-websocket\9.0.39\tomcat-embed-websocket-9.0.39.jar;D:\apache-maven-3.6.3\maven_repository\org\springframework\spring-web\5.3.1\spring-web-5.3.1.jar;D:\apache-maven-3.6.3\maven_repository\org\springframework\spring-beans\5.3.1\spring-beans-5.3.1.jar;D:\apache-maven-3.6.3\maven_repository\org\springframework\spring-webmvc\5.3.1\spring-webmvc-5.3.1.jar;D:\apache-maven-3.6.3\maven_repository\org\springframework\spring-aop\5.3.1\spring-aop-5.3.1.jar;D:\apache-maven-3.6.3\maven_repository\org\springframework\spring-context\5.3.1\spring-context-5.3.1.jar;D:\apache-maven-3.6.3\maven_repository\org\springframework\spring-expression\5.3.1\spring-expression-5.3.1.jar;D:\apache-maven-3.6.3\maven_repository\org\springframework\boot\spring-boot-starter-test\2.4.0\spring-boot-starter-test-2.4.0.jar;D:\apache-maven-3.6.3\maven_repository\org\springframework\boot\spring-boot-test\2.4.0\spring-boot-test-2.4.0.jar;D:\apache-maven-3.6.3\maven_repository\org\springframework\boot\spring-boot-test-autoconfigure\2.4.0\spring-boot-test-autoconfigure-2.4.0.jar;D:\apache-maven-3.6.3\maven_repository\com\jayway\jsonpath\json-path\2.4.0\json-path-2.4.0.jar;D:\apache-maven-3.6.3\maven_repository\net\minidev\json-smart\2.3\json-smart-2.3.jar;D:\apache-maven-3.6.3\maven_repository\net\minidev\accessors-smart\1.2\accessors-smart-1.2.jar;D:\apache-maven-3.6.3\maven_repository\org\ow2\asm\asm\5.0.4\asm-5.0.4.jar;D:\apache-maven-3.6.3\maven_repository\org\slf4j\slf4j-api\1.7.30\slf4j-api-1.7.30.jar;D:\apache-maven-3.6.3\maven_repository\jakarta\xml\bind\jakarta.xml.bind-api\2.3.3\jakarta.xml.bind-api-2.3.3.jar;D:\apache-maven-3.6.3\maven_repository\jakarta\activation\jakarta.activation-api\1.2.2\jakarta.activation-api-1.2.2.jar;D:\apache-maven-3.6.3\maven_repository\org\assertj\assertj-core\3.18.1\assertj-core-3.18.1.jar;D:\apache-maven-3.6.3\maven_repository\org\hamcrest\hamcrest\2.2\hamcrest-2.2.jar;D:\apache-maven-3.6.3\maven_repository\org\junit\jupiter\junit-jupiter\5.7.0\junit-jupiter-5.7.0.jar;D:\apache-maven-3.6.3\maven_repository\org\junit\jupiter\junit-jupiter-api\5.7.0\junit-jupiter-api-5.7.0.jar;D:\apache-maven-3.6.3\maven_repository\org\apiguardian\apiguardian-api\1.1.0\apiguardian-api-1.1.0.jar;D:\apache-maven-3.6.3\maven_repository\org\opentest4j\opentest4j\1.2.0\opentest4j-1.2.0.jar;D:\apache-maven-3.6.3\maven_repository\org\junit\platform\junit-platform-commons\1.7.0\junit-platform-commons-1.7.0.jar;D:\apache-maven-3.6.3\maven_repository\org\junit\jupiter\junit-jupiter-params\5.7.0\junit-jupiter-params-5.7.0.jar;D:\apache-maven-3.6.3\maven_repository\org\junit\jupiter\junit-jupiter-engine\5.7.0\junit-jupiter-engine-5.7.0.jar;D:\apache-maven-3.6.3\maven_repository\org\junit\platform\junit-platform-engine\1.7.0\junit-platform-engine-1.7.0.jar;D:\apache-maven-3.6.3\maven_repository\org\mockito\mockito-core\3.6.0\mockito-core-3.6.0.jar;D:\apache-maven-3.6.3\maven_repository\net\bytebuddy\byte-buddy\1.10.18\byte-buddy-1.10.18.jar;D:\apache-maven-3.6.3\maven_repository\net\bytebuddy\byte-buddy-agent\1.10.18\byte-buddy-agent-1.10.18.jar;D:\apache-maven-3.6.3\maven_repository\org\objenesis\objenesis\3.1\objenesis-3.1.jar;D:\apache-maven-3.6.3\maven_repository\org\mockito\mockito-junit-jupiter\3.6.0\mockito-junit-jupiter-3.6.0.jar;D:\apache-maven-3.6.3\maven_repository\org\skyscreamer\jsonassert\1.5.0\jsonassert-1.5.0.jar;D:\apache-maven-3.6.3\maven_repository\com\vaadin\external\google\android-json\0.0.20131108.vaadin1\android-json-0.0.20131108.vaadin1.jar;D:\apache-maven-3.6.3\maven_repository\org\springframework\spring-core\5.3.1\spring-core-5.3.1.jar;D:\apache-maven-3.6.3\maven_repository\org\springframework\spring-jcl\5.3.1\spring-jcl-5.3.1.jar;D:\apache-maven-3.6.3\maven_repository\org\springframework\spring-test\5.3.1\spring-test-5.3.1.jar;D:\apache-maven-3.6.3\maven_repository\org\xmlunit\xmlunit-core\2.7.0\xmlunit-core-2.7.0.jar;D:\apache-maven-3.6.3\maven_repository\org\mybatis\spring\boot\mybatis-spring-boot-starter\2.1.4\mybatis-spring-boot-starter-2.1.4.jar;D:\apache-maven-3.6.3\maven_repository\org\mybatis\spring\boot\mybatis-spring-boot-autoconfigure\2.1.4\mybatis-spring-boot-autoconfigure-2.1.4.jar;D:\apache-maven-3.6.3\maven_repository\org\mybatis\mybatis\3.5.6\mybatis-3.5.6.jar;D:\apache-maven-3.6.3\maven_repository\org\mybatis\mybatis-spring\2.0.6\mybatis-spring-2.0.6.jar;D:\apache-maven-3.6.3\maven_repository\org\springframework\boot\spring-boot-starter-jdbc\2.4.0\spring-boot-starter-jdbc-2.4.0.jar;D:\apache-maven-3.6.3\maven_repository\com\zaxxer\HikariCP\3.4.5\HikariCP-3.4.5.jar;D:\apache-maven-3.6.3\maven_repository\org\springframework\spring-jdbc\5.3.1\spring-jdbc-5.3.1.jar;D:\apache-maven-3.6.3\maven_repository\org\springframework\spring-tx\5.3.1\spring-tx-5.3.1.jar;D:\apache-maven-3.6.3\maven_repository\mysql\mysql-connector-java\8.0.22\mysql-connector-java-8.0.22.jar;D:\apache-maven-3.6.3\maven_repository\org\projectlombok\lombok\1.18.16\lombok-1.18.16.jar;D:\apache-maven-3.6.3\maven_repository\tk\mybatis\mapper-spring-boot-starter\2.1.5\mapper-spring-boot-starter-2.1.5.jar;D:\apache-maven-3.6.3\maven_repository\tk\mybatis\mapper-core\1.1.5\mapper-core-1.1.5.jar;D:\apache-maven-3.6.3\maven_repository\tk\mybatis\mapper-base\1.1.5\mapper-base-1.1.5.jar;D:\apache-maven-3.6.3\maven_repository\tk\mybatis\mapper-weekend\1.1.5\mapper-weekend-1.1.5.jar;D:\apache-maven-3.6.3\maven_repository\tk\mybatis\mapper-spring\1.1.5\mapper-spring-1.1.5.jar;D:\apache-maven-3.6.3\maven_repository\tk\mybatis\mapper-extra\1.1.5\mapper-extra-1.1.5.jar;D:\apache-maven-3.6.3\maven_repository\tk\mybatis\mapper-spring-boot-autoconfigure\2.1.5\mapper-spring-boot-autoconfigure-2.1.5.jar;D:\apache-maven-3.6.3\maven_repository\tk\mybatis\mapper\4.1.5\mapper-4.1.5.jar;D:\apache-maven-3.6.3\maven_repository\javax\persistence\persistence-api\1.0\persistence-api-1.0.jar;"/>
    <property name="java.vm.vendor" value="Oracle Corporation"/>
    <property name="sun.arch.data.model" value="64"/>
    <property name="user.variant" value=""/>
    <property name="java.vendor.url" value="http://java.oracle.com/"/>
    <property name="user.timezone" value="Asia/Shanghai"/>
    <property name="java.vm.specification.version" value="1.8"/>
    <property name="os.name" value="Windows 10"/>
    <property name="user.country" value="CN"/>
    <property name="sun.java.launcher" value="SUN_STANDARD"/>
    <property name="sun.boot.library.path" value="C:\Program Files\Java\jdk1.8.0_201\jre\bin"/>
    <property name="sun.java.command" value="C:\Users\18459\AppData\Local\Temp\surefire6909188588254432419\surefirebooter3598229886370979855.jar C:\Users\18459\AppData\Local\Temp\surefire6909188588254432419 2020-12-28T16-12-35_754-jvmRun1 surefire8952614931610990156tmp surefire_0170518415483923231tmp"/>
    <property name="surefire.test.class.path" value="D:\workspace\evaluation_of_teaching\target\test-classes;D:\workspace\evaluation_of_teaching\target\classes;D:\apache-maven-3.6.3\maven_repository\org\springframework\boot\spring-boot-starter-web\2.4.0\spring-boot-starter-web-2.4.0.jar;D:\apache-maven-3.6.3\maven_repository\org\springframework\boot\spring-boot-starter\2.4.0\spring-boot-starter-2.4.0.jar;D:\apache-maven-3.6.3\maven_repository\org\springframework\boot\spring-boot\2.4.0\spring-boot-2.4.0.jar;D:\apache-maven-3.6.3\maven_repository\org\springframework\boot\spring-boot-autoconfigure\2.4.0\spring-boot-autoconfigure-2.4.0.jar;D:\apache-maven-3.6.3\maven_repository\org\springframework\boot\spring-boot-starter-logging\2.4.0\spring-boot-starter-logging-2.4.0.jar;D:\apache-maven-3.6.3\maven_repository\ch\qos\logback\logback-classic\1.2.3\logback-classic-1.2.3.jar;D:\apache-maven-3.6.3\maven_repository\ch\qos\logback\logback-core\1.2.3\logback-core-1.2.3.jar;D:\apache-maven-3.6.3\maven_repository\org\apache\logging\log4j\log4j-to-slf4j\2.13.3\log4j-to-slf4j-2.13.3.jar;D:\apache-maven-3.6.3\maven_repository\org\apache\logging\log4j\log4j-api\2.13.3\log4j-api-2.13.3.jar;D:\apache-maven-3.6.3\maven_repository\org\slf4j\jul-to-slf4j\1.7.30\jul-to-slf4j-1.7.30.jar;D:\apache-maven-3.6.3\maven_repository\jakarta\annotation\jakarta.annotation-api\1.3.5\jakarta.annotation-api-1.3.5.jar;D:\apache-maven-3.6.3\maven_repository\org\yaml\snakeyaml\1.27\snakeyaml-1.27.jar;D:\apache-maven-3.6.3\maven_repository\org\springframework\boot\spring-boot-starter-json\2.4.0\spring-boot-starter-json-2.4.0.jar;D:\apache-maven-3.6.3\maven_repository\com\fasterxml\jackson\core\jackson-databind\2.11.3\jackson-databind-2.11.3.jar;D:\apache-maven-3.6.3\maven_repository\com\fasterxml\jackson\core\jackson-annotations\2.11.3\jackson-annotations-2.11.3.jar;D:\apache-maven-3.6.3\maven_repository\com\fasterxml\jackson\core\jackson-core\2.11.3\jackson-core-2.11.3.jar;D:\apache-maven-3.6.3\maven_repository\com\fasterxml\jackson\datatype\jackson-datatype-jdk8\2.11.3\jackson-datatype-jdk8-2.11.3.jar;D:\apache-maven-3.6.3\maven_repository\com\fasterxml\jackson\datatype\jackson-datatype-jsr310\2.11.3\jackson-datatype-jsr310-2.11.3.jar;D:\apache-maven-3.6.3\maven_repository\com\fasterxml\jackson\module\jackson-module-parameter-names\2.11.3\jackson-module-parameter-names-2.11.3.jar;D:\apache-maven-3.6.3\maven_repository\org\springframework\boot\spring-boot-starter-tomcat\2.4.0\spring-boot-starter-tomcat-2.4.0.jar;D:\apache-maven-3.6.3\maven_repository\org\apache\tomcat\embed\tomcat-embed-core\9.0.39\tomcat-embed-core-9.0.39.jar;D:\apache-maven-3.6.3\maven_repository\org\glassfish\jakarta.el\3.0.3\jakarta.el-3.0.3.jar;D:\apache-maven-3.6.3\maven_repository\org\apache\tomcat\embed\tomcat-embed-websocket\9.0.39\tomcat-embed-websocket-9.0.39.jar;D:\apache-maven-3.6.3\maven_repository\org\springframework\spring-web\5.3.1\spring-web-5.3.1.jar;D:\apache-maven-3.6.3\maven_repository\org\springframework\spring-beans\5.3.1\spring-beans-5.3.1.jar;D:\apache-maven-3.6.3\maven_repository\org\springframework\spring-webmvc\5.3.1\spring-webmvc-5.3.1.jar;D:\apache-maven-3.6.3\maven_repository\org\springframework\spring-aop\5.3.1\spring-aop-5.3.1.jar;D:\apache-maven-3.6.3\maven_repository\org\springframework\spring-context\5.3.1\spring-context-5.3.1.jar;D:\apache-maven-3.6.3\maven_repository\org\springframework\spring-expression\5.3.1\spring-expression-5.3.1.jar;D:\apache-maven-3.6.3\maven_repository\org\springframework\boot\spring-boot-starter-test\2.4.0\spring-boot-starter-test-2.4.0.jar;D:\apache-maven-3.6.3\maven_repository\org\springframework\boot\spring-boot-test\2.4.0\spring-boot-test-2.4.0.jar;D:\apache-maven-3.6.3\maven_repository\org\springframework\boot\spring-boot-test-autoconfigure\2.4.0\spring-boot-test-autoconfigure-2.4.0.jar;D:\apache-maven-3.6.3\maven_repository\com\jayway\jsonpath\json-path\2.4.0\json-path-2.4.0.jar;D:\apache-maven-3.6.3\maven_repository\net\minidev\json-smart\2.3\json-smart-2.3.jar;D:\apache-maven-3.6.3\maven_repository\net\minidev\accessors-smart\1.2\accessors-smart-1.2.jar;D:\apache-maven-3.6.3\maven_repository\org\ow2\asm\asm\5.0.4\asm-5.0.4.jar;D:\apache-maven-3.6.3\maven_repository\org\slf4j\slf4j-api\1.7.30\slf4j-api-1.7.30.jar;D:\apache-maven-3.6.3\maven_repository\jakarta\xml\bind\jakarta.xml.bind-api\2.3.3\jakarta.xml.bind-api-2.3.3.jar;D:\apache-maven-3.6.3\maven_repository\jakarta\activation\jakarta.activation-api\1.2.2\jakarta.activation-api-1.2.2.jar;D:\apache-maven-3.6.3\maven_repository\org\assertj\assertj-core\3.18.1\assertj-core-3.18.1.jar;D:\apache-maven-3.6.3\maven_repository\org\hamcrest\hamcrest\2.2\hamcrest-2.2.jar;D:\apache-maven-3.6.3\maven_repository\org\junit\jupiter\junit-jupiter\5.7.0\junit-jupiter-5.7.0.jar;D:\apache-maven-3.6.3\maven_repository\org\junit\jupiter\junit-jupiter-api\5.7.0\junit-jupiter-api-5.7.0.jar;D:\apache-maven-3.6.3\maven_repository\org\apiguardian\apiguardian-api\1.1.0\apiguardian-api-1.1.0.jar;D:\apache-maven-3.6.3\maven_repository\org\opentest4j\opentest4j\1.2.0\opentest4j-1.2.0.jar;D:\apache-maven-3.6.3\maven_repository\org\junit\platform\junit-platform-commons\1.7.0\junit-platform-commons-1.7.0.jar;D:\apache-maven-3.6.3\maven_repository\org\junit\jupiter\junit-jupiter-params\5.7.0\junit-jupiter-params-5.7.0.jar;D:\apache-maven-3.6.3\maven_repository\org\junit\jupiter\junit-jupiter-engine\5.7.0\junit-jupiter-engine-5.7.0.jar;D:\apache-maven-3.6.3\maven_repository\org\junit\platform\junit-platform-engine\1.7.0\junit-platform-engine-1.7.0.jar;D:\apache-maven-3.6.3\maven_repository\org\mockito\mockito-core\3.6.0\mockito-core-3.6.0.jar;D:\apache-maven-3.6.3\maven_repository\net\bytebuddy\byte-buddy\1.10.18\byte-buddy-1.10.18.jar;D:\apache-maven-3.6.3\maven_repository\net\bytebuddy\byte-buddy-agent\1.10.18\byte-buddy-agent-1.10.18.jar;D:\apache-maven-3.6.3\maven_repository\org\objenesis\objenesis\3.1\objenesis-3.1.jar;D:\apache-maven-3.6.3\maven_repository\org\mockito\mockito-junit-jupiter\3.6.0\mockito-junit-jupiter-3.6.0.jar;D:\apache-maven-3.6.3\maven_repository\org\skyscreamer\jsonassert\1.5.0\jsonassert-1.5.0.jar;D:\apache-maven-3.6.3\maven_repository\com\vaadin\external\google\android-json\0.0.20131108.vaadin1\android-json-0.0.20131108.vaadin1.jar;D:\apache-maven-3.6.3\maven_repository\org\springframework\spring-core\5.3.1\spring-core-5.3.1.jar;D:\apache-maven-3.6.3\maven_repository\org\springframework\spring-jcl\5.3.1\spring-jcl-5.3.1.jar;D:\apache-maven-3.6.3\maven_repository\org\springframework\spring-test\5.3.1\spring-test-5.3.1.jar;D:\apache-maven-3.6.3\maven_repository\org\xmlunit\xmlunit-core\2.7.0\xmlunit-core-2.7.0.jar;D:\apache-maven-3.6.3\maven_repository\org\mybatis\spring\boot\mybatis-spring-boot-starter\2.1.4\mybatis-spring-boot-starter-2.1.4.jar;D:\apache-maven-3.6.3\maven_repository\org\mybatis\spring\boot\mybatis-spring-boot-autoconfigure\2.1.4\mybatis-spring-boot-autoconfigure-2.1.4.jar;D:\apache-maven-3.6.3\maven_repository\org\mybatis\mybatis\3.5.6\mybatis-3.5.6.jar;D:\apache-maven-3.6.3\maven_repository\org\mybatis\mybatis-spring\2.0.6\mybatis-spring-2.0.6.jar;D:\apache-maven-3.6.3\maven_repository\org\springframework\boot\spring-boot-starter-jdbc\2.4.0\spring-boot-starter-jdbc-2.4.0.jar;D:\apache-maven-3.6.3\maven_repository\com\zaxxer\HikariCP\3.4.5\HikariCP-3.4.5.jar;D:\apache-maven-3.6.3\maven_repository\org\springframework\spring-jdbc\5.3.1\spring-jdbc-5.3.1.jar;D:\apache-maven-3.6.3\maven_repository\org\springframework\spring-tx\5.3.1\spring-tx-5.3.1.jar;D:\apache-maven-3.6.3\maven_repository\mysql\mysql-connector-java\8.0.22\mysql-connector-java-8.0.22.jar;D:\apache-maven-3.6.3\maven_repository\org\projectlombok\lombok\1.18.16\lombok-1.18.16.jar;D:\apache-maven-3.6.3\maven_repository\tk\mybatis\mapper-spring-boot-starter\2.1.5\mapper-spring-boot-starter-2.1.5.jar;D:\apache-maven-3.6.3\maven_repository\tk\mybatis\mapper-core\1.1.5\mapper-core-1.1.5.jar;D:\apache-maven-3.6.3\maven_repository\tk\mybatis\mapper-base\1.1.5\mapper-base-1.1.5.jar;D:\apache-maven-3.6.3\maven_repository\tk\mybatis\mapper-weekend\1.1.5\mapper-weekend-1.1.5.jar;D:\apache-maven-3.6.3\maven_repository\tk\mybatis\mapper-spring\1.1.5\mapper-spring-1.1.5.jar;D:\apache-maven-3.6.3\maven_repository\tk\mybatis\mapper-extra\1.1.5\mapper-extra-1.1.5.jar;D:\apache-maven-3.6.3\maven_repository\tk\mybatis\mapper-spring-boot-autoconfigure\2.1.5\mapper-spring-boot-autoconfigure-2.1.5.jar;D:\apache-maven-3.6.3\maven_repository\tk\mybatis\mapper\4.1.5\mapper-4.1.5.jar;D:\apache-maven-3.6.3\maven_repository\javax\persistence\persistence-api\1.0\persistence-api-1.0.jar;"/>
    <property name="sun.cpu.endian" value="little"/>
    <property name="user.home" value="C:\Users\18459"/>
    <property name="user.language" value="zh"/>
    <property name="java.specification.vendor" value="Oracle Corporation"/>
    <property name="java.home" value="C:\Program Files\Java\jdk1.8.0_201\jre"/>
    <property name="basedir" value="D:\workspace\evaluation_of_teaching"/>
    <property name="file.separator" value="\"/>
    <property name="line.separator" value="&#10;"/>
    <property name="java.vm.specification.vendor" value="Oracle Corporation"/>
    <property name="java.specification.name" value="Java Platform API Specification"/>
    <property name="java.awt.graphicsenv" value="sun.awt.Win32GraphicsEnvironment"/>
    <property name="idea.version2020.1.2" value="true"/>
    <property name="surefire.real.class.path" value="C:\Users\18459\AppData\Local\Temp\surefire6909188588254432419\surefirebooter3598229886370979855.jar"/>
    <property name="sun.boot.class.path" value="C:\Program Files\Java\jdk1.8.0_201\jre\lib\resources.jar;C:\Program Files\Java\jdk1.8.0_201\jre\lib\rt.jar;C:\Program Files\Java\jdk1.8.0_201\jre\lib\sunrsasign.jar;C:\Program Files\Java\jdk1.8.0_201\jre\lib\jsse.jar;C:\Program Files\Java\jdk1.8.0_201\jre\lib\jce.jar;C:\Program Files\Java\jdk1.8.0_201\jre\lib\charsets.jar;C:\Program Files\Java\jdk1.8.0_201\jre\lib\jfr.jar;C:\Program Files\Java\jdk1.8.0_201\jre\classes"/>
    <property name="user.script" value=""/>
    <property name="sun.management.compiler" value="HotSpot 64-Bit Tiered Compilers"/>
    <property name="java.runtime.version" value="1.8.0_201-b09"/>
    <property name="user.name" value="吕睿"/>
    <property name="path.separator" value=";"/>
    <property name="os.version" value="10.0"/>
    <property name="java.endorsed.dirs" value="C:\Program Files\Java\jdk1.8.0_201\jre\lib\endorsed"/>
    <property name="java.runtime.name" value="Java(TM) SE Runtime Environment"/>
    <property name="file.encoding" value="GBK"/>
    <property name="java.vm.name" value="Java HotSpot(TM) 64-Bit Server VM"/>
    <property name="localRepository" value="D:\apache-maven-3.6.3\maven_repository"/>
    <property name="java.vendor.url.bug" value="http://bugreport.sun.com/bugreport/"/>
    <property name="java.io.tmpdir" value="C:\Users\18459\AppData\Local\Temp\"/>
    <property name="java.version" value="1.8.0_201"/>
    <property name="user.dir" value="D:\workspace\evaluation_of_teaching"/>
    <property name="os.arch" value="amd64"/>
    <property name="java.vm.specification.name" value="Java Virtual Machine Specification"/>
    <property name="java.awt.printerjob" value="sun.awt.windows.WPrinterJob"/>
    <property name="sun.os.patch.level" value=""/>
    <property name="java.library.path" value="C:\Program Files\Java\jdk1.8.0_201\jre\bin;C:\WINDOWS\Sun\Java\bin;C:\WINDOWS\system32;C:\WINDOWS;C:\Program Files (x86)\Intel\iCLS Client\;C:\Program Files\Intel\iCLS Client\;C:\Windows\system32;C:\Windows;C:\Windows\System32\Wbem;C:\Windows\System32\WindowsPowerShell\v1.0\;C:\Program Files (x86)\NVIDIA Corporation\PhysX\Common;C:\Program Files (x86)\Intel\Intel(R) Management Engine Components\DAL;C:\Program Files\Intel\Intel(R) Management Engine Components\DAL;C:\Program Files (x86)\Intel\Intel(R) Management Engine Components\IPT;C:\Program Files\Intel\Intel(R) Management Engine Components\IPT;C:\Program Files\Intel\WiFi\bin\;C:\Program Files\Common Files\Intel\WirelessCommon\;C:\WINDOWS\system32;C:\WINDOWS;C:\WINDOWS\System32\Wbem;C:\WINDOWS\System32\WindowsPowerShell\v1.0\;C:\WINDOWS\System32\OpenSSH\;C:\Program Files\Java\jdk1.8.0_201\bin;C:\Program Files\Java\jdk1.8.0_201\jre\bin;D:\mysql-8.0.18-winx64\bin;&quot;D:\apache-tomcat-9.0.29\bin;&quot;;C:\Program Files\MySQL\MySQL Shell 8.0\bin\;D:\Android\Android SDK;%MAVEN_HOME%\bin;D:\Program Files\TortoiseSVN\bin;D:\Git\cmd;D:\Xshell 7\;D:\Xftp 7\;C:\Program Files\MySQL\MySQL Shell 8.0\bin\;C:\Users\18459\AppData\Local\Microsoft\WindowsApps;&quot;C:\Program Files\Java\jdk1.8.0_201\bin;&quot;;D:\IntelliJ IDEA 2019.3\bin;;&quot;D:\Android\Android SDK\platform-tools;&quot;;D:\apache-maven-3.6.3\bin\;;."/>
    <property name="java.vm.info" value="mixed mode"/>
    <property name="java.vendor" value="Oracle Corporation"/>
    <property name="java.vm.version" value="25.201-b09"/>
    <property name="java.ext.dirs" value="C:\Program Files\Java\jdk1.8.0_201\jre\lib\ext;C:\WINDOWS\Sun\Java\lib\ext"/>
    <property name="sun.io.unicode.encoding" value="UnicodeLittle"/>
    <property name="maven.repo.local" value="D:\apache-maven-3.6.3\maven_repository"/>
    <property name="java.class.version" value="52.0"/>
  </properties>
  <testcase name="contextLoads" classname="com.evaluation_of_teaching.EvaluationOfTeachingApplicationTests" time="0.181"/>
</testsuite>